  Final.cpp
C:\Users\franc\Downloads\CGelHC_20232-Final\CGelHC_20232_04\include\shader_m.h(44,40): warning C4101: 'e': unreferenced local variable
C:\Users\franc\Downloads\CGelHC_20232-Final\CGelHC_20232_04\include\modelAnim.h(104,44): warning C4244: '=': conversion from 'double' to 'float', possible loss of data
C:\Users\franc\Downloads\CGelHC_20232-Final\CGelHC_20232_04\include\modelAnim.h(520,24): warning C4244: 'initializing': conversion from 'double' to 'float', possible loss of data
C:\Users\franc\Downloads\CGelHC_20232-Final\CGelHC_20232_04\Final.cpp(911,11): warning C4244: '=': conversion from 'double' to 'float', possible loss of data
C:\Users\franc\Downloads\CGelHC_20232-Final\CGelHC_20232_04\Final.cpp(912,11): warning C4244: '=': conversion from 'double' to 'float', possible loss of data
C:\Users\franc\Downloads\CGelHC_20232-Final\CGelHC_20232_04\Final.cpp(916,16): warning C4244: 'initializing': conversion from 'double' to 'float', possible loss of data
C:\Users\franc\Downloads\CGelHC_20232-Final\CGelHC_20232_04\Final.cpp(917,16): warning C4244: 'initializing': conversion from 'double' to 'float', possible loss of data
C:\Users\franc\Downloads\CGelHC_20232-Final\CGelHC_20232_04\Final.cpp(919,10): warning C4244: '=': conversion from 'double' to 'float', possible loss of data
C:\Users\franc\Downloads\CGelHC_20232-Final\CGelHC_20232_04\Final.cpp(920,10): warning C4244: '=': conversion from 'double' to 'float', possible loss of data
C:\Users\franc\Downloads\CGelHC_20232-Final\CGelHC_20232_04\Final.cpp(928,28): warning C4244: 'argument': conversion from 'double' to 'float', possible loss of data
glfw3.lib(context.obj) : warning LNK4099: PDB '' was not found with 'glfw3.lib(context.obj)' or at ''; linking object as if no debug info
glfw3.lib(init.obj) : warning LNK4099: PDB '' was not found with 'glfw3.lib(init.obj)' or at ''; linking object as if no debug info
glfw3.lib(input.obj) : warning LNK4099: PDB '' was not found with 'glfw3.lib(input.obj)' or at ''; linking object as if no debug info
glfw3.lib(monitor.obj) : warning LNK4099: PDB '' was not found with 'glfw3.lib(monitor.obj)' or at ''; linking object as if no debug info
glfw3.lib(vulkan.obj) : warning LNK4099: PDB '' was not found with 'glfw3.lib(vulkan.obj)' or at ''; linking object as if no debug info
glfw3.lib(window.obj) : warning LNK4099: PDB '' was not found with 'glfw3.lib(window.obj)' or at ''; linking object as if no debug info
glfw3.lib(win32_init.obj) : warning LNK4099: PDB '' was not found with 'glfw3.lib(win32_init.obj)' or at ''; linking object as if no debug info
glfw3.lib(win32_joystick.obj) : warning LNK4099: PDB '' was not found with 'glfw3.lib(win32_joystick.obj)' or at ''; linking object as if no debug info
glfw3.lib(win32_monitor.obj) : warning LNK4099: PDB '' was not found with 'glfw3.lib(win32_monitor.obj)' or at ''; linking object as if no debug info
glfw3.lib(win32_time.obj) : warning LNK4099: PDB '' was not found with 'glfw3.lib(win32_time.obj)' or at ''; linking object as if no debug info
glfw3.lib(win32_thread.obj) : warning LNK4099: PDB '' was not found with 'glfw3.lib(win32_thread.obj)' or at ''; linking object as if no debug info
glfw3.lib(win32_window.obj) : warning LNK4099: PDB '' was not found with 'glfw3.lib(win32_window.obj)' or at ''; linking object as if no debug info
glfw3.lib(wgl_context.obj) : warning LNK4099: PDB '' was not found with 'glfw3.lib(wgl_context.obj)' or at ''; linking object as if no debug info
glfw3.lib(egl_context.obj) : warning LNK4099: PDB '' was not found with 'glfw3.lib(egl_context.obj)' or at ''; linking object as if no debug info
glfw3.lib(osmesa_context.obj) : warning LNK4099: PDB '' was not found with 'glfw3.lib(osmesa_context.obj)' or at ''; linking object as if no debug info
  CGelHC_20232_04.vcxproj -> C:\Users\franc\Downloads\CGelHC_20232-Final\Debug\CGelHC_20232_04.exe
